<?xml version="1.0" encoding="UTF-8"?>
<testsuite name="com.example.demo.DemoApplicationTests" tests="1" skipped="0" failures="0" errors="0" timestamp="2023-12-17T06:30:49" hostname="BOOK-GLPIPSFNE2" time="1.621">
  <properties/>
  <testcase name="contextLoads()" classname="com.example.demo.DemoApplicationTests" time="1.621"/>
  <system-out><![CDATA[15:30:26.183 [Test worker] INFO org.springframework.test.context.support.AnnotationConfigContextLoaderUtils -- Could not detect default configuration classes for test class [com.example.demo.DemoApplicationTests]: DemoApplicationTests does not declare any static, non-private, non-final, nested classes annotated with @Configuration.
15:30:26.595 [Test worker] INFO org.springframework.boot.test.context.SpringBootTestContextBootstrapper -- Found @SpringBootConfiguration com.example.demo.DemoApplication for test class com.example.demo.DemoApplicationTests

  .   ____          _            __ _ _
 /\\ / ___'_ __ _ _(_)_ __  __ _ \ \ \ \
( ( )\___ | '_ | '_| | '_ \/ _` | \ \ \ \
 \\/  ___)| |_)| | | | | || (_| |  ) ) ) )
  '  |____| .__|_| |_|_| |_\__, | / / / /
 =========|_|==============|___/=/_/_/_/
 :: Spring Boot ::                (v3.1.5)

2023-12-17T15:30:28.156+09:00  INFO 31975 --- [    Test worker] com.example.demo.DemoApplicationTests    : Starting DemoApplicationTests using Java 17.0.9 with PID 31975 (started by user01 in /home/user01/dev/git/test01/jpjt01/querydsl-multiple-datasource)
2023-12-17T15:30:28.162+09:00  INFO 31975 --- [    Test worker] com.example.demo.DemoApplicationTests    : No active profile set, falling back to 1 default profile: "default"
2023-12-17T15:30:30.426+09:00  INFO 31975 --- [    Test worker] .s.d.r.c.RepositoryConfigurationDelegate : Bootstrapping Spring Data JPA repositories in DEFAULT mode.
2023-12-17T15:30:30.534+09:00  INFO 31975 --- [    Test worker] .s.d.r.c.RepositoryConfigurationDelegate : Finished Spring Data repository scanning in 85 ms. Found 1 JPA repository interfaces.
2023-12-17T15:30:30.539+09:00  INFO 31975 --- [    Test worker] .s.d.r.c.RepositoryConfigurationDelegate : Bootstrapping Spring Data JPA repositories in DEFAULT mode.
2023-12-17T15:30:30.563+09:00  INFO 31975 --- [    Test worker] .s.d.r.c.RepositoryConfigurationDelegate : Finished Spring Data repository scanning in 23 ms. Found 1 JPA repository interfaces.
2023-12-17T15:30:32.205+09:00  WARN 31975 --- [    Test worker] o.m.s.mapper.ClassPathMapperScanner      : No MyBatis mapper was found in '[com.example.demo]' package. Please check your configuration.
2023-12-17T15:30:34.240+09:00  INFO 31975 --- [    Test worker] com.zaxxer.hikari.HikariDataSource       : HikariPool-1 - Starting...
2023-12-17T15:30:35.271+09:00  INFO 31975 --- [    Test worker] com.zaxxer.hikari.pool.HikariPool        : HikariPool-1 - Added connection conn0: url=jdbc:h2:mem:primary:DB_CLOSE_DELAY=-1 user=SA
2023-12-17T15:30:35.274+09:00  INFO 31975 --- [    Test worker] com.zaxxer.hikari.HikariDataSource       : HikariPool-1 - Start completed.
2023-12-17T15:30:35.629+09:00  INFO 31975 --- [    Test worker] o.hibernate.jpa.internal.util.LogHelper  : HHH000204: Processing PersistenceUnitInfo [name: primaryEntityManager]
2023-12-17T15:30:35.784+09:00  INFO 31975 --- [    Test worker] org.hibernate.Version                    : HHH000412: Hibernate ORM core version 6.2.13.Final
2023-12-17T15:30:35.794+09:00  INFO 31975 --- [    Test worker] org.hibernate.cfg.Environment            : HHH000406: Using bytecode reflection optimizer
2023-12-17T15:30:37.019+09:00  INFO 31975 --- [    Test worker] o.s.o.j.p.SpringPersistenceUnitInfo      : No LoadTimeWeaver setup: ignoring JPA class transformer
2023-12-17T15:30:37.152+09:00  WARN 31975 --- [    Test worker] org.hibernate.orm.deprecation            : HHH90000025: H2Dialect does not need to be specified explicitly using 'hibernate.dialect' (remove the property setting and it will be selected by default)
2023-12-17T15:30:38.982+09:00  INFO 31975 --- [    Test worker] o.h.e.t.j.p.i.JtaPlatformInitiator       : HHH000489: No JTA platform available (set 'hibernate.transaction.jta.platform' to enable JTA platform integration)
2023-12-17T15:30:38.991+09:00  INFO 31975 --- [    Test worker] j.LocalContainerEntityManagerFactoryBean : Initialized JPA EntityManagerFactory for persistence unit 'primaryEntityManager'
2023-12-17T15:30:39.026+09:00  INFO 31975 --- [    Test worker] o.hibernate.jpa.internal.util.LogHelper  : HHH000204: Processing PersistenceUnitInfo [name: secondaryEntityManager]
2023-12-17T15:30:39.040+09:00  INFO 31975 --- [    Test worker] o.s.o.j.p.SpringPersistenceUnitInfo      : No LoadTimeWeaver setup: ignoring JPA class transformer
2023-12-17T15:30:39.042+09:00  INFO 31975 --- [    Test worker] com.zaxxer.hikari.HikariDataSource       : HikariPool-2 - Starting...
2023-12-17T15:30:39.053+09:00  INFO 31975 --- [    Test worker] com.zaxxer.hikari.pool.HikariPool        : HikariPool-2 - Added connection conn10: url=jdbc:h2:mem:secondary:DB_CLOSE_DELAY=-1 user=SA
2023-12-17T15:30:39.054+09:00  INFO 31975 --- [    Test worker] com.zaxxer.hikari.HikariDataSource       : HikariPool-2 - Start completed.
2023-12-17T15:30:39.055+09:00  WARN 31975 --- [    Test worker] org.hibernate.orm.deprecation            : HHH90000025: H2Dialect does not need to be specified explicitly using 'hibernate.dialect' (remove the property setting and it will be selected by default)
2023-12-17T15:30:39.138+09:00  INFO 31975 --- [    Test worker] o.h.e.t.j.p.i.JtaPlatformInitiator       : HHH000489: No JTA platform available (set 'hibernate.transaction.jta.platform' to enable JTA platform integration)
2023-12-17T15:30:39.139+09:00  INFO 31975 --- [    Test worker] j.LocalContainerEntityManagerFactoryBean : Initialized JPA EntityManagerFactory for persistence unit 'secondaryEntityManager'
2023-12-17T15:30:41.410+09:00  WARN 31975 --- [    Test worker] JpaBaseConfiguration$JpaWebConfiguration : spring.jpa.open-in-view is enabled by default. Therefore, database queries may be performed during view rendering. Explicitly configure spring.jpa.open-in-view to disable this warning
2023-12-17T15:30:47.383+09:00  INFO 31975 --- [    Test worker] org.quartz.impl.StdSchedulerFactory      : Using default implementation for ThreadExecutor
2023-12-17T15:30:47.438+09:00  INFO 31975 --- [    Test worker] org.quartz.core.SchedulerSignalerImpl    : Initialized Scheduler Signaller of type: class org.quartz.core.SchedulerSignalerImpl
2023-12-17T15:30:47.439+09:00  INFO 31975 --- [    Test worker] org.quartz.core.QuartzScheduler          : Quartz Scheduler v.2.3.2 created.
2023-12-17T15:30:47.443+09:00  INFO 31975 --- [    Test worker] org.quartz.simpl.RAMJobStore             : RAMJobStore initialized.
2023-12-17T15:30:47.445+09:00  INFO 31975 --- [    Test worker] org.quartz.core.QuartzScheduler          : Scheduler meta-data: Quartz Scheduler (v2.3.2) 'quartzScheduler' with instanceId 'NON_CLUSTERED'
  Scheduler class: 'org.quartz.core.QuartzScheduler' - running locally.
  NOT STARTED.
  Currently in standby mode.
  Number of jobs executed: 0
  Using thread pool 'org.quartz.simpl.SimpleThreadPool' - with 10 threads.
  Using job-store 'org.quartz.simpl.RAMJobStore' - which does not support persistence. and is not clustered.

2023-12-17T15:30:47.448+09:00  INFO 31975 --- [    Test worker] org.quartz.impl.StdSchedulerFactory      : Quartz scheduler 'quartzScheduler' initialized from an externally provided properties instance.
2023-12-17T15:30:47.449+09:00  INFO 31975 --- [    Test worker] org.quartz.impl.StdSchedulerFactory      : Quartz scheduler version: 2.3.2
2023-12-17T15:30:47.450+09:00  INFO 31975 --- [    Test worker] org.quartz.core.QuartzScheduler          : JobFactory set to: org.springframework.scheduling.quartz.SpringBeanJobFactory@49620576
2023-12-17T15:30:48.872+09:00  INFO 31975 --- [    Test worker] o.s.b.a.e.web.EndpointLinksResolver      : Exposing 1 endpoint(s) beneath base path '/actuator'
2023-12-17T15:30:49.071+09:00  INFO 31975 --- [    Test worker] o.s.s.quartz.SchedulerFactoryBean        : Starting Quartz Scheduler now
2023-12-17T15:30:49.073+09:00  INFO 31975 --- [    Test worker] org.quartz.core.QuartzScheduler          : Scheduler quartzScheduler_$_NON_CLUSTERED started.
2023-12-17T15:30:49.140+09:00  INFO 31975 --- [    Test worker] com.example.demo.DemoApplicationTests    : Started DemoApplicationTests in 22.034 seconds (process running for 25.938)
2023-12-17T15:30:49.169+09:00  INFO 31975 --- [    Test worker] o.s.b.a.b.JobLauncherApplicationRunner   : Running default command line with: []
]]></system-out>
  <system-err><![CDATA[]]></system-err>
</testsuite>
